Using pre-set license

 COMMAND LINE ARGUMENTS:
/Applications/Unity/Hub/Editor/2020.3.2f1/Unity.app/Contents/MacOS/Unity
-adb2
-batchMode
-noUpm
-name
AssetImportWorker0
-projectPath
/Users/matsumotoarata/git/ME/Unity/WaterFormProvider
-logFile
Logs/AssetImportWorker0.log
-srvPort
50830
Successfully changed project path to: /Users/matsumotoarata/git/ME/Unity/WaterFormProvider
/Users/matsumotoarata/git/ME/Unity/WaterFormProvider
Using Asset Import Pipeline V2.
Refreshing native plugins compatible for Editor in 49.28 ms, found 1 plugins.
Preloading 0 native plugins for Editor in 0.00 ms.
Initialize engine version: 2020.3.2f1 (8fd9074bf66c)
[Subsystems] Discovering subsystems at path /Applications/Unity/Hub/Editor/2020.3.2f1/Unity.app/Contents/Resources/UnitySubsystems
[Subsystems] Discovering subsystems at path /Users/matsumotoarata/git/ME/Unity/WaterFormProvider/Assets
GfxDevice: creating device client; threaded=0
2022-07-17 09:41:21.110 Unity[3596:44108] Color LCD preferred device: Intel(R) Iris(TM) Plus Graphics (low power)
2022-07-17 09:41:21.110 Unity[3596:44108] Metal devices available: 1
2022-07-17 09:41:21.110 Unity[3596:44108] 0: Intel(R) Iris(TM) Plus Graphics (low power)
2022-07-17 09:41:21.110 Unity[3596:44108] Using device Intel(R) Iris(TM) Plus Graphics (low power)
Initializing Metal device caps: Intel(R) Iris(TM) Plus Graphics
Shader 'Es/Sample/TessellateHeightTransform': fallback shader 'Custom/VTFHeightTransform' not found
Initialize mono
Mono path[0] = '/Applications/Unity/Hub/Editor/2020.3.2f1/Unity.app/Contents/Managed'
Mono path[1] = '/Applications/Unity/Hub/Editor/2020.3.2f1/Unity.app/Contents/MonoBleedingEdge/lib/mono/unityjit'
Mono config path = '/Applications/Unity/Hub/Editor/2020.3.2f1/Unity.app/Contents/MonoBleedingEdge/etc'
Using monoOptions --debugger-agent=transport=dt_socket,embedding=1,server=y,suspend=n,address=127.0.0.1:56596
Begin MonoManager ReloadAssembly
Registering precompiled unity dll's ...
Register platform support module: /Applications/Unity/Hub/Editor/2020.3.2f1/PlaybackEngines/WebGLSupport/UnityEditor.WebGL.Extensions.dll
Register platform support module: /Applications/Unity/Hub/Editor/2020.3.2f1/Unity.app/Contents/PlaybackEngines/MacStandaloneSupport/UnityEditor.OSXStandalone.Extensions.dll
Registered in 0.000944 seconds.
Native extension for OSXStandalone target not found
Native extension for WebGL target not found
Refreshing native plugins compatible for Editor in 32.48 ms, found 1 plugins.
Preloading 0 native plugins for Editor in 0.00 ms.
Invoked RoslynAnalysisRunner static constructor.
RoslynAnalysisRunner will not be running.
RoslynAnalysisRunner has terminated.
Mono: successfully reloaded assembly
- Completed reload, in  2.076 seconds
Platform modules already initialized, skipping
Registering precompiled user dll's ...
Registered in 0.000807 seconds.
Begin MonoManager ReloadAssembly
Native extension for OSXStandalone target not found
Native extension for WebGL target not found
Refreshing native plugins compatible for Editor in 0.38 ms, found 1 plugins.
Preloading 0 native plugins for Editor in 0.00 ms.
Invoked RoslynAnalysisRunner static constructor.
RoslynAnalysisRunner will not be running.
RoslynAnalysisRunner has terminated.
Mono: successfully reloaded assembly
- Completed reload, in  1.016 seconds
Platform modules already initialized, skipping
========================================================================
Worker process is ready to serve import requests
Shader 'Es/Sample/TessellateHeightTransform': fallback shader 'Custom/VTFHeightTransform' not found
Launching external process: /Applications/Unity/Hub/Editor/2020.3.2f1/Unity.app/Contents/Tools/UnityShaderCompiler
Launched and connected shader compiler UnityShaderCompiler after 0.02 seconds
Refreshing native plugins compatible for Editor in 0.46 ms, found 1 plugins.
Preloading 0 native plugins for Editor in 0.00 ms.
Unloading 1654 Unused Serialized files (Serialized files now loaded: 0)
System memory in use before: 146.1 MB.
System memory in use after: 146.2 MB.

Unloading 33 unused Assets to reduce memory usage. Loaded Objects now: 2087.
Total: 2.676509 ms (FindLiveObjects: 0.255719 ms CreateObjectMapping: 0.081380 ms MarkObjects: 2.193812 ms  DeleteObjects: 0.143685 ms)

========================================================================
Received Import Request.
  path: Assets/Materials/Floor.mat
  artifactKey: Guid(7fd0b6b6dd09e4981acfb518311fdb98) Importer(815301076,1909f56bfc062723c751e8b465ee728b)
Start importing Assets/Materials/Floor.mat using Guid(7fd0b6b6dd09e4981acfb518311fdb98) Importer(815301076,1909f56bfc062723c751e8b465ee728b)  -> (artifact id: 'b906936625bbafdc0da07ec00b3e21e2') in 1.422481 seconds
  Import took 1.428302 seconds .

========================================================================
Received Import Request.
  Time since last request: 22.892513 seconds.
  path: Assets/Materials/Shader/Floor.shader
  artifactKey: Guid(8ec6bd87b34324b4b92903a53ff092b3) Importer(815301076,1909f56bfc062723c751e8b465ee728b)
Start importing Assets/Materials/Shader/Floor.shader using Guid(8ec6bd87b34324b4b92903a53ff092b3) Importer(815301076,1909f56bfc062723c751e8b465ee728b)  -> (artifact id: 'cf2e03fadf3e0832c0eafe9e2281bd33') in 0.348948 seconds
  Import took 0.351636 seconds .

========================================================================
Received Import Request.
  Time since last request: 1.303465 seconds.
  path: Assets/Materials/Shader/Floor.shader
  artifactKey: Guid(8ec6bd87b34324b4b92903a53ff092b3) Importer(815301076,1909f56bfc062723c751e8b465ee728b)
Start importing Assets/Materials/Shader/Floor.shader using Guid(8ec6bd87b34324b4b92903a53ff092b3) Importer(815301076,1909f56bfc062723c751e8b465ee728b)  -> (artifact id: 'cf2e03fadf3e0832c0eafe9e2281bd33') in 0.001987 seconds
  Import took 0.005364 seconds .

========================================================================
Received Prepare
Registering precompiled user dll's ...
Registered in 0.000869 seconds.
Begin MonoManager ReloadAssembly
Native extension for OSXStandalone target not found
Native extension for WebGL target not found
Refreshing native plugins compatible for Editor in 0.61 ms, found 1 plugins.
Preloading 0 native plugins for Editor in 0.00 ms.
Invoked RoslynAnalysisRunner static constructor.
RoslynAnalysisRunner will not be running.
RoslynAnalysisRunner has terminated.
Mono: successfully reloaded assembly
- Completed reload, in  1.012 seconds
Platform modules already initialized, skipping
Shader 'Es/Sample/TessellateHeightTransform': fallback shader 'Custom/VTFHeightTransform' not found
Refreshing native plugins compatible for Editor in 0.36 ms, found 1 plugins.
Preloading 0 native plugins for Editor in 0.00 ms.
Unloading 1619 Unused Serialized files (Serialized files now loaded: 0)
System memory in use before: 155.6 MB.
System memory in use after: 155.7 MB.

Unloading 24 unused Assets to reduce memory usage. Loaded Objects now: 2130.
Total: 1.458227 ms (FindLiveObjects: 0.203994 ms CreateObjectMapping: 0.063252 ms MarkObjects: 1.172984 ms  DeleteObjects: 0.016430 ms)

========================================================================
Received Import Request.
  Time since last request: 71.597297 seconds.
  path: Assets/Materials/Shader/Floor.shader
  artifactKey: Guid(8ec6bd87b34324b4b92903a53ff092b3) Importer(815301076,1909f56bfc062723c751e8b465ee728b)
Start importing Assets/Materials/Shader/Floor.shader using Guid(8ec6bd87b34324b4b92903a53ff092b3) Importer(815301076,1909f56bfc062723c751e8b465ee728b)  -> (artifact id: '2cf75a4c0a41296b7bee540f4d2e0a77') in 0.013377 seconds
  Import took 0.017403 seconds .

========================================================================
Received Import Request.
  Time since last request: 23.063045 seconds.
  path: Assets/Materials/Shader/Floor.shader
  artifactKey: Guid(8ec6bd87b34324b4b92903a53ff092b3) Importer(815301076,1909f56bfc062723c751e8b465ee728b)
Start importing Assets/Materials/Shader/Floor.shader using Guid(8ec6bd87b34324b4b92903a53ff092b3) Importer(815301076,1909f56bfc062723c751e8b465ee728b)  -> (artifact id: 'fbcfe146718b79ac920381b11a11c263') in 0.002785 seconds
  Import took 0.008614 seconds .

========================================================================
Received Prepare
Registering precompiled user dll's ...
Registered in 0.000792 seconds.
Begin MonoManager ReloadAssembly
Native extension for OSXStandalone target not found
Native extension for WebGL target not found
Refreshing native plugins compatible for Editor in 0.41 ms, found 1 plugins.
Preloading 0 native plugins for Editor in 0.00 ms.
Invoked RoslynAnalysisRunner static constructor.
RoslynAnalysisRunner will not be running.
RoslynAnalysisRunner has terminated.
Mono: successfully reloaded assembly
- Completed reload, in  0.966 seconds
Platform modules already initialized, skipping
Shader 'Es/Sample/TessellateHeightTransform': fallback shader 'Custom/VTFHeightTransform' not found
Refreshing native plugins compatible for Editor in 0.37 ms, found 1 plugins.
Preloading 0 native plugins for Editor in 0.00 ms.
Unloading 1619 Unused Serialized files (Serialized files now loaded: 0)
System memory in use before: 155.9 MB.
System memory in use after: 156.0 MB.

Unloading 24 unused Assets to reduce memory usage. Loaded Objects now: 2133.
Total: 1.861710 ms (FindLiveObjects: 0.294204 ms CreateObjectMapping: 0.074681 ms MarkObjects: 1.468373 ms  DeleteObjects: 0.023150 ms)

========================================================================
Received Import Request.
  Time since last request: 57.642503 seconds.
  path: Assets/Materials/Shader/Floor.shader
  artifactKey: Guid(8ec6bd87b34324b4b92903a53ff092b3) Importer(815301076,1909f56bfc062723c751e8b465ee728b)
Start importing Assets/Materials/Shader/Floor.shader using Guid(8ec6bd87b34324b4b92903a53ff092b3) Importer(815301076,1909f56bfc062723c751e8b465ee728b)  -> (artifact id: '851540c9dd7c84354237914fa211ddea') in 0.013398 seconds
  Import took 0.017816 seconds .

========================================================================
Received Import Request.
  Time since last request: 32.794529 seconds.
  path: Assets/Materials/Shader/Floor.shader
  artifactKey: Guid(8ec6bd87b34324b4b92903a53ff092b3) Importer(815301076,1909f56bfc062723c751e8b465ee728b)
Start importing Assets/Materials/Shader/Floor.shader using Guid(8ec6bd87b34324b4b92903a53ff092b3) Importer(815301076,1909f56bfc062723c751e8b465ee728b)  -> (artifact id: '975374bd63bf575118f53fcfd66be867') in 0.002150 seconds
  Import took 0.006457 seconds .

========================================================================
Received Prepare
Registering precompiled user dll's ...
Registered in 0.000838 seconds.
Begin MonoManager ReloadAssembly
Native extension for OSXStandalone target not found
Native extension for WebGL target not found
Refreshing native plugins compatible for Editor in 0.48 ms, found 1 plugins.
Preloading 0 native plugins for Editor in 0.00 ms.
Invoked RoslynAnalysisRunner static constructor.
RoslynAnalysisRunner will not be running.
RoslynAnalysisRunner has terminated.
Mono: successfully reloaded assembly
- Completed reload, in  0.947 seconds
Platform modules already initialized, skipping
Shader 'Es/Sample/TessellateHeightTransform': fallback shader 'Custom/VTFHeightTransform' not found
Refreshing native plugins compatible for Editor in 0.38 ms, found 1 plugins.
Preloading 0 native plugins for Editor in 0.00 ms.
Unloading 1619 Unused Serialized files (Serialized files now loaded: 0)
System memory in use before: 156.2 MB.
System memory in use after: 156.3 MB.

Unloading 24 unused Assets to reduce memory usage. Loaded Objects now: 2136.
Total: 1.653714 ms (FindLiveObjects: 0.236503 ms CreateObjectMapping: 0.055727 ms MarkObjects: 1.342889 ms  DeleteObjects: 0.017442 ms)

========================================================================
Received Prepare
Registering precompiled user dll's ...
Registered in 0.000824 seconds.
Begin MonoManager ReloadAssembly
Native extension for OSXStandalone target not found
Native extension for WebGL target not found
Refreshing native plugins compatible for Editor in 0.64 ms, found 1 plugins.
Preloading 0 native plugins for Editor in 0.00 ms.
Invoked RoslynAnalysisRunner static constructor.
RoslynAnalysisRunner will not be running.
RoslynAnalysisRunner has terminated.
Mono: successfully reloaded assembly
- Completed reload, in  1.191 seconds
Platform modules already initialized, skipping
Shader 'Es/Sample/TessellateHeightTransform': fallback shader 'Custom/VTFHeightTransform' not found
Refreshing native plugins compatible for Editor in 0.91 ms, found 1 plugins.
Preloading 0 native plugins for Editor in 0.00 ms.
Unloading 1619 Unused Serialized files (Serialized files now loaded: 0)
System memory in use before: 156.4 MB.
System memory in use after: 156.5 MB.

Unloading 24 unused Assets to reduce memory usage. Loaded Objects now: 2139.
Total: 3.732066 ms (FindLiveObjects: 0.228632 ms CreateObjectMapping: 0.051947 ms MarkObjects: 3.422207 ms  DeleteObjects: 0.027121 ms)

========================================================================
Received Prepare
Registering precompiled user dll's ...
Registered in 0.000862 seconds.
Begin MonoManager ReloadAssembly
Native extension for OSXStandalone target not found
Native extension for WebGL target not found
Refreshing native plugins compatible for Editor in 0.38 ms, found 1 plugins.
Preloading 0 native plugins for Editor in 0.00 ms.
Invoked RoslynAnalysisRunner static constructor.
RoslynAnalysisRunner will not be running.
RoslynAnalysisRunner has terminated.
Mono: successfully reloaded assembly
- Completed reload, in  0.935 seconds
Platform modules already initialized, skipping
Shader 'Es/Sample/TessellateHeightTransform': fallback shader 'Custom/VTFHeightTransform' not found
Refreshing native plugins compatible for Editor in 0.40 ms, found 1 plugins.
Preloading 0 native plugins for Editor in 0.00 ms.
Unloading 1619 Unused Serialized files (Serialized files now loaded: 0)
System memory in use before: 156.7 MB.
System memory in use after: 156.8 MB.

Unloading 24 unused Assets to reduce memory usage. Loaded Objects now: 2142.
Total: 1.957891 ms (FindLiveObjects: 0.332453 ms CreateObjectMapping: 0.102034 ms MarkObjects: 1.499914 ms  DeleteObjects: 0.021676 ms)

========================================================================
Received Prepare
Registering precompiled user dll's ...
Registered in 0.000861 seconds.
Begin MonoManager ReloadAssembly
Native extension for OSXStandalone target not found
Native extension for WebGL target not found
Refreshing native plugins compatible for Editor in 0.67 ms, found 1 plugins.
Preloading 0 native plugins for Editor in 0.00 ms.
Invoked RoslynAnalysisRunner static constructor.
RoslynAnalysisRunner will not be running.
RoslynAnalysisRunner has terminated.
Mono: successfully reloaded assembly
- Completed reload, in  1.399 seconds
Platform modules already initialized, skipping
Shader 'Es/Sample/TessellateHeightTransform': fallback shader 'Custom/VTFHeightTransform' not found
Refreshing native plugins compatible for Editor in 0.55 ms, found 1 plugins.
Preloading 0 native plugins for Editor in 0.00 ms.
Unloading 1619 Unused Serialized files (Serialized files now loaded: 0)
System memory in use before: 156.9 MB.
System memory in use after: 157.0 MB.

Unloading 24 unused Assets to reduce memory usage. Loaded Objects now: 2145.
Total: 2.529975 ms (FindLiveObjects: 0.470505 ms CreateObjectMapping: 0.153267 ms MarkObjects: 1.880810 ms  DeleteObjects: 0.022586 ms)

